{
  "stats": {
    "suites": 1,
    "tests": 2,
    "passes": 2,
    "pending": 0,
    "failures": 0,
    "start": "2024-08-16T14:06:19.659Z",
    "end": "2024-08-16T14:06:20.744Z",
    "duration": 1085,
    "testsRegistered": 2,
    "passPercent": 100,
    "pendingPercent": 0,
    "other": 0,
    "hasOther": false,
    "skipped": 0,
    "hasSkipped": false
  },
  "results": [
    {
      "uuid": "6ebc228d-6b7a-4cb2-bbf3-8a794a6ad9e6",
      "title": "",
      "fullFile": "C:\\Users\\Svitlana_Krotova\\Documents\\API\\specs\\test.spec.js",
      "file": "\\specs\\test.spec.js",
      "beforeHooks": [],
      "afterHooks": [],
      "tests": [],
      "suites": [
        {
          "uuid": "bf7a9f87-136a-4c29-b2eb-896f39b832d2",
          "title": "API Test",
          "fullFile": "C:\\Users\\Svitlana_Krotova\\Documents\\API\\specs\\test.spec.js",
          "file": "\\specs\\test.spec.js",
          "beforeHooks": [],
          "afterHooks": [],
          "tests": [
            {
              "title": "GET test",
              "fullTitle": "API Test GET test",
              "timedOut": false,
              "duration": 821,
              "state": "passed",
              "speed": "slow",
              "pass": true,
              "fail": false,
              "pending": false,
              "context": null,
              "code": "const response = await axios({\n        url: \"https://jsonplaceholder.typicode.com/posts/1\",\n        method: \"get\"\n    });\n    expect(response.data.userId).to.equal(1);\n    expect(response.status).to.equal(200);",
              "err": {},
              "uuid": "9e7ebb93-be3d-41d8-b5b2-beed1ee6ae1d",
              "parentUUID": "bf7a9f87-136a-4c29-b2eb-896f39b832d2",
              "isHook": false,
              "skipped": false
            },
            {
              "title": "POST test",
              "fullTitle": "API Test POST test",
              "timedOut": false,
              "duration": 257,
              "state": "passed",
              "speed": "slow",
              "pass": true,
              "fail": false,
              "pending": false,
              "context": null,
              "code": "const response = await axios({\n        url: \"https://jsonplaceholder.typicode.com/posts\",\n        method: \"post\",\n        headers:{\n            'Content-Type': 'application/json'\n        },\n        data: {\n            title: 'foo',\n            body: 'bar',\n            userId: 1\n          },\n        });\n        \n        expect(response.status).to.equal(201);",
              "err": {},
              "uuid": "7a502c67-9754-492b-b0a9-f2511ffe01a1",
              "parentUUID": "bf7a9f87-136a-4c29-b2eb-896f39b832d2",
              "isHook": false,
              "skipped": false
            }
          ],
          "suites": [],
          "passes": [
            "9e7ebb93-be3d-41d8-b5b2-beed1ee6ae1d",
            "7a502c67-9754-492b-b0a9-f2511ffe01a1"
          ],
          "failures": [],
          "pending": [],
          "skipped": [],
          "duration": 1078,
          "root": false,
          "rootEmpty": false,
          "_timeout": 2000
        }
      ],
      "passes": [],
      "failures": [],
      "pending": [],
      "skipped": [],
      "duration": 0,
      "root": true,
      "rootEmpty": true,
      "_timeout": 2000
    }
  ],
  "meta": {
    "mocha": {
      "version": "10.7.3"
    },
    "mochawesome": {
      "options": {
        "quiet": false,
        "reportFilename": "mochawesome",
        "saveHtml": true,
        "saveJson": true,
        "consoleReporter": "spec",
        "useInlineDiffs": false,
        "code": true
      },
      "version": "7.1.3"
    },
    "marge": {
      "options": null,
      "version": "6.2.0"
    }
  }
}