{
  "stats": {
    "suites": 1,
    "tests": 2,
    "passes": 2,
    "pending": 0,
    "failures": 0,
    "start": "2024-08-16T14:00:32.984Z",
    "end": "2024-08-16T14:00:34.073Z",
    "duration": 1089,
    "testsRegistered": 2,
    "passPercent": 100,
    "pendingPercent": 0,
    "other": 0,
    "hasOther": false,
    "skipped": 0,
    "hasSkipped": false
  },
  "results": [
    {
      "uuid": "e998c392-8fb0-4776-a23f-a59e8b78bcae",
      "title": "",
      "fullFile": "C:\\Users\\Svitlana_Krotova\\Documents\\API\\test.spec.js",
      "file": "\\test.spec.js",
      "beforeHooks": [],
      "afterHooks": [],
      "tests": [],
      "suites": [
        {
          "uuid": "af2ddda3-4ba4-47d9-96f3-08ac0e2d9dfe",
          "title": "API Test",
          "fullFile": "C:\\Users\\Svitlana_Krotova\\Documents\\API\\test.spec.js",
          "file": "\\test.spec.js",
          "beforeHooks": [],
          "afterHooks": [],
          "tests": [
            {
              "title": "GET test",
              "fullTitle": "API Test GET test",
              "timedOut": false,
              "duration": 828,
              "state": "passed",
              "speed": "slow",
              "pass": true,
              "fail": false,
              "pending": false,
              "context": null,
              "code": "const response = await axios({\n        url: \"https://jsonplaceholder.typicode.com/posts/1\",\n        method: \"get\"\n    });\n    expect(response.data.userId).to.equal(1);\n    expect(response.status).to.equal(200);",
              "err": {},
              "uuid": "51caf41b-6434-4386-9bbd-e323ce397f7d",
              "parentUUID": "af2ddda3-4ba4-47d9-96f3-08ac0e2d9dfe",
              "isHook": false,
              "skipped": false
            },
            {
              "title": "POST test",
              "fullTitle": "API Test POST test",
              "timedOut": false,
              "duration": 256,
              "state": "passed",
              "speed": "slow",
              "pass": true,
              "fail": false,
              "pending": false,
              "context": null,
              "code": "const response = await axios({\n        url: \"https://jsonplaceholder.typicode.com/posts\",\n        method: \"post\",\n        headers:{\n            'Content-Type': 'application/json'\n        },\n        data: {\n            title: 'foo',\n            body: 'bar',\n            userId: 1\n          },\n        });\n        \n        expect(response.status).to.equal(201);",
              "err": {},
              "uuid": "508fb399-a0dc-4523-be6c-5a4a24c0690d",
              "parentUUID": "af2ddda3-4ba4-47d9-96f3-08ac0e2d9dfe",
              "isHook": false,
              "skipped": false
            }
          ],
          "suites": [],
          "passes": [
            "51caf41b-6434-4386-9bbd-e323ce397f7d",
            "508fb399-a0dc-4523-be6c-5a4a24c0690d"
          ],
          "failures": [],
          "pending": [],
          "skipped": [],
          "duration": 1084,
          "root": false,
          "rootEmpty": false,
          "_timeout": 2000
        }
      ],
      "passes": [],
      "failures": [],
      "pending": [],
      "skipped": [],
      "duration": 0,
      "root": true,
      "rootEmpty": true,
      "_timeout": 2000
    }
  ],
  "meta": {
    "mocha": {
      "version": "10.7.3"
    },
    "mochawesome": {
      "options": {
        "quiet": false,
        "reportFilename": "mochawesome",
        "saveHtml": true,
        "saveJson": true,
        "consoleReporter": "spec",
        "useInlineDiffs": false,
        "code": true
      },
      "version": "7.1.3"
    },
    "marge": {
      "options": null,
      "version": "6.2.0"
    }
  }
}